
       [1]  [2]  [x]

  [3]   10   20  140
  [4]    6    8   72
        -8  -12    0

--------> swap: [3] [1]

         [3]   [2]   [x]

   [1]  1/10     2    14
   [4]  -3/5    -4   -12
         4/5     4   112

--------> swap: [3] [1]

       [1]  [2]  [x]

  [3]   10   20  140
  [4]    6    8   72
        -8  -12    0

--------> swap: [4] [1]

         [4]   [2]   [x]

   [3]  -5/3  20/3    20
   [1]   1/6   4/3    12
         4/3  -4/3    96

--------> swap: [3] [2]

         [4]   [3]   [x]

   [2]  -1/4  3/20     3
   [1]   1/2  -1/5     8
           1   1/5   100

--------> exiting
